Analysis & Synthesis report for DE10_EcoLogic
Sat Oct 26 17:57:59 2024
Quartus Prime Version 23.1std.1 Build 993 05/14/2024 SC Lite Edition


---------------------
; Table of Contents ;
---------------------
  1. Legal Notice
  2. Analysis & Synthesis Summary
  3. Analysis & Synthesis Settings
  4. Parallel Compilation
  5. Analysis & Synthesis Source Files Read
  6. Analysis & Synthesis Resource Usage Summary
  7. Analysis & Synthesis Resource Utilization by Entity
  8. Analysis & Synthesis RAM Summary
  9. Analysis & Synthesis IP Cores Summary
 10. Registers Removed During Synthesis
 11. Removed Registers Triggering Further Register Optimizations
 12. General Register Statistics
 13. Multiplexer Restructuring Statistics (Restructuring Performed)
 14. Source assignments for ROM:U_MEMORY|altsyncram:altsyncram_component|altsyncram_his3:auto_generated
 15. Parameter Settings for User Entity Instance: ROM:U_MEMORY|altsyncram:altsyncram_component
 16. altsyncram Parameter Settings by Entity Instance
 17. Port Connectivity Checks: "ROM:U_MEMORY"
 18. Port Connectivity Checks: "ArgMax:U_ARGMAX"
 19. Post-Synthesis Netlist Statistics for Top Partition
 20. Elapsed Time Per Partition
 21. Analysis & Synthesis Messages



----------------
; Legal Notice ;
----------------
Copyright (C) 2024  Intel Corporation. All rights reserved.
Your use of Intel Corporation's design tools, logic functions 
and other software and tools, and any partner logic 
functions, and any output files from any of the foregoing 
(including device programming or simulation files), and any 
associated documentation or information are expressly subject 
to the terms and conditions of the Intel Program License 
Subscription Agreement, the Intel Quartus Prime License Agreement,
the Intel FPGA IP License Agreement, or other applicable license
agreement, including, without limitation, that your use is for
the sole purpose of programming logic devices manufactured by
Intel and sold by Intel or its authorized distributors.  Please
refer to the applicable agreement for further details, at
https://fpgasoftware.intel.com/eula.



+-------------------------------------------------------------------------------------+
; Analysis & Synthesis Summary                                                        ;
+------------------------------------+------------------------------------------------+
; Analysis & Synthesis Status        ; Successful - Sat Oct 26 17:57:59 2024          ;
; Quartus Prime Version              ; 23.1std.1 Build 993 05/14/2024 SC Lite Edition ;
; Revision Name                      ; DE10_EcoLogic                                  ;
; Top-level Entity Name              ; top_level                                      ;
; Family                             ; MAX 10                                         ;
; Total logic elements               ; 418                                            ;
;     Total combinational functions  ; 418                                            ;
;     Dedicated logic registers      ; 135                                            ;
; Total registers                    ; 135                                            ;
; Total pins                         ; 21                                             ;
; Total virtual pins                 ; 0                                              ;
; Total memory bits                  ; 226,304                                        ;
; Embedded Multiplier 9-bit elements ; 0                                              ;
; Total PLLs                         ; 0                                              ;
; UFM blocks                         ; 0                                              ;
; ADC blocks                         ; 0                                              ;
+------------------------------------+------------------------------------------------+


+------------------------------------------------------------------------------------------------------------+
; Analysis & Synthesis Settings                                                                              ;
+------------------------------------------------------------------+--------------------+--------------------+
; Option                                                           ; Setting            ; Default Value      ;
+------------------------------------------------------------------+--------------------+--------------------+
; Device                                                           ; 10M50DAF484C6GES   ;                    ;
; Top-level entity name                                            ; top_level          ; DE10_EcoLogic      ;
; Family name                                                      ; MAX 10             ; Cyclone V          ;
; Use smart compilation                                            ; Off                ; Off                ;
; Enable parallel Assembler and Timing Analyzer during compilation ; On                 ; On                 ;
; Enable compact report table                                      ; Off                ; Off                ;
; Restructure Multiplexers                                         ; Auto               ; Auto               ;
; Create Debugging Nodes for IP Cores                              ; Off                ; Off                ;
; Preserve fewer node names                                        ; On                 ; On                 ;
; Intel FPGA IP Evaluation Mode                                    ; Enable             ; Enable             ;
; Verilog Version                                                  ; Verilog_2001       ; Verilog_2001       ;
; VHDL Version                                                     ; VHDL_1993          ; VHDL_1993          ;
; State Machine Processing                                         ; Auto               ; Auto               ;
; Safe State Machine                                               ; Off                ; Off                ;
; Extract Verilog State Machines                                   ; On                 ; On                 ;
; Extract VHDL State Machines                                      ; On                 ; On                 ;
; Ignore Verilog initial constructs                                ; Off                ; Off                ;
; Iteration limit for constant Verilog loops                       ; 5000               ; 5000               ;
; Iteration limit for non-constant Verilog loops                   ; 250                ; 250                ;
; Add Pass-Through Logic to Inferred RAMs                          ; On                 ; On                 ;
; Infer RAMs from Raw Logic                                        ; On                 ; On                 ;
; Parallel Synthesis                                               ; On                 ; On                 ;
; DSP Block Balancing                                              ; Auto               ; Auto               ;
; NOT Gate Push-Back                                               ; On                 ; On                 ;
; Power-Up Don't Care                                              ; On                 ; On                 ;
; Remove Redundant Logic Cells                                     ; Off                ; Off                ;
; Remove Duplicate Registers                                       ; On                 ; On                 ;
; Ignore CARRY Buffers                                             ; Off                ; Off                ;
; Ignore CASCADE Buffers                                           ; Off                ; Off                ;
; Ignore GLOBAL Buffers                                            ; Off                ; Off                ;
; Ignore ROW GLOBAL Buffers                                        ; Off                ; Off                ;
; Ignore LCELL Buffers                                             ; Off                ; Off                ;
; Ignore SOFT Buffers                                              ; On                 ; On                 ;
; Limit AHDL Integers to 32 Bits                                   ; Off                ; Off                ;
; Optimization Technique                                           ; Balanced           ; Balanced           ;
; Carry Chain Length                                               ; 70                 ; 70                 ;
; Auto Carry Chains                                                ; On                 ; On                 ;
; Auto Open-Drain Pins                                             ; On                 ; On                 ;
; Perform WYSIWYG Primitive Resynthesis                            ; Off                ; Off                ;
; Auto ROM Replacement                                             ; On                 ; On                 ;
; Auto RAM Replacement                                             ; On                 ; On                 ;
; Auto DSP Block Replacement                                       ; On                 ; On                 ;
; Auto Shift Register Replacement                                  ; Auto               ; Auto               ;
; Allow Shift Register Merging across Hierarchies                  ; Auto               ; Auto               ;
; Auto Clock Enable Replacement                                    ; On                 ; On                 ;
; Strict RAM Replacement                                           ; Off                ; Off                ;
; Allow Synchronous Control Signals                                ; On                 ; On                 ;
; Force Use of Synchronous Clear Signals                           ; Off                ; Off                ;
; Auto RAM Block Balancing                                         ; On                 ; On                 ;
; Auto RAM to Logic Cell Conversion                                ; Off                ; Off                ;
; Auto Resource Sharing                                            ; Off                ; Off                ;
; Allow Any RAM Size For Recognition                               ; Off                ; Off                ;
; Allow Any ROM Size For Recognition                               ; Off                ; Off                ;
; Allow Any Shift Register Size For Recognition                    ; Off                ; Off                ;
; Use LogicLock Constraints during Resource Balancing              ; On                 ; On                 ;
; Ignore translate_off and synthesis_off directives                ; Off                ; Off                ;
; Timing-Driven Synthesis                                          ; On                 ; On                 ;
; Report Parameter Settings                                        ; On                 ; On                 ;
; Report Source Assignments                                        ; On                 ; On                 ;
; Report Connectivity Checks                                       ; On                 ; On                 ;
; Ignore Maximum Fan-Out Assignments                               ; Off                ; Off                ;
; Synchronization Register Chain Length                            ; 2                  ; 2                  ;
; Power Optimization During Synthesis                              ; Normal compilation ; Normal compilation ;
; HDL message level                                                ; Level2             ; Level2             ;
; Suppress Register Optimization Related Messages                  ; Off                ; Off                ;
; Number of Removed Registers Reported in Synthesis Report         ; 5000               ; 5000               ;
; Number of Swept Nodes Reported in Synthesis Report               ; 5000               ; 5000               ;
; Number of Inverted Registers Reported in Synthesis Report        ; 100                ; 100                ;
; Clock MUX Protection                                             ; On                 ; On                 ;
; Auto Gated Clock Conversion                                      ; Off                ; Off                ;
; Block Design Naming                                              ; Auto               ; Auto               ;
; SDC constraint protection                                        ; Off                ; Off                ;
; Synthesis Effort                                                 ; Auto               ; Auto               ;
; Shift Register Replacement - Allow Asynchronous Clear Signal     ; On                 ; On                 ;
; Pre-Mapping Resynthesis Optimization                             ; Off                ; Off                ;
; Analysis & Synthesis Message Level                               ; Medium             ; Medium             ;
; Disable Register Merging Across Hierarchies                      ; Auto               ; Auto               ;
; Resource Aware Inference For Block RAM                           ; On                 ; On                 ;
+------------------------------------------------------------------+--------------------+--------------------+


+------------------------------------------+
; Parallel Compilation                     ;
+----------------------------+-------------+
; Processors                 ; Number      ;
+----------------------------+-------------+
; Number detected on machine ; 8           ;
; Maximum allowed            ; 4           ;
;                            ;             ;
; Average used               ; 1.00        ;
; Maximum used               ; 4           ;
;                            ;             ;
; Usage by Processor         ; % Time Used ;
;     Processor 1            ; 100.0%      ;
;     Processors 2-4         ;   0.0%      ;
+----------------------------+-------------+


+-----------------------------------------------------------------------------------------------------------------------------------------------------------------------------------------+
; Analysis & Synthesis Source Files Read                                                                                                                                                  ;
+----------------------------------+-----------------+----------------------------------------+---------------------------------------------------------------------------------+---------+
; File Name with User-Entered Path ; Used in Netlist ; File Type                              ; File Name with Absolute Path                                                    ; Library ;
+----------------------------------+-----------------+----------------------------------------+---------------------------------------------------------------------------------+---------+
; logic_network_16.v               ; yes             ; User Verilog HDL File                  ; C:/Users/lando/Documents/GitHub/EcoLogic/Quartus/logic_network_16.v             ;         ;
; top_level.vhd                    ; yes             ; User VHDL File                         ; C:/Users/lando/Documents/GitHub/EcoLogic/Quartus/top_level.vhd                  ;         ;
; ROM.vhd                          ; yes             ; User Wizard-Generated File             ; C:/Users/lando/Documents/GitHub/EcoLogic/Quartus/ROM.vhd                        ;         ;
; argmax.vhd                       ; yes             ; User VHDL File                         ; C:/Users/lando/Documents/GitHub/EcoLogic/Quartus/argmax.vhd                     ;         ;
; altsyncram.tdf                   ; yes             ; Megafunction                           ; c:/intelfpga_lite/23.1std/quartus/libraries/megafunctions/altsyncram.tdf        ;         ;
; stratix_ram_block.inc            ; yes             ; Megafunction                           ; c:/intelfpga_lite/23.1std/quartus/libraries/megafunctions/stratix_ram_block.inc ;         ;
; lpm_mux.inc                      ; yes             ; Megafunction                           ; c:/intelfpga_lite/23.1std/quartus/libraries/megafunctions/lpm_mux.inc           ;         ;
; lpm_decode.inc                   ; yes             ; Megafunction                           ; c:/intelfpga_lite/23.1std/quartus/libraries/megafunctions/lpm_decode.inc        ;         ;
; aglobal231.inc                   ; yes             ; Megafunction                           ; c:/intelfpga_lite/23.1std/quartus/libraries/megafunctions/aglobal231.inc        ;         ;
; a_rdenreg.inc                    ; yes             ; Megafunction                           ; c:/intelfpga_lite/23.1std/quartus/libraries/megafunctions/a_rdenreg.inc         ;         ;
; altrom.inc                       ; yes             ; Megafunction                           ; c:/intelfpga_lite/23.1std/quartus/libraries/megafunctions/altrom.inc            ;         ;
; altram.inc                       ; yes             ; Megafunction                           ; c:/intelfpga_lite/23.1std/quartus/libraries/megafunctions/altram.inc            ;         ;
; altdpram.inc                     ; yes             ; Megafunction                           ; c:/intelfpga_lite/23.1std/quartus/libraries/megafunctions/altdpram.inc          ;         ;
; db/altsyncram_his3.tdf           ; yes             ; Auto-Generated Megafunction            ; C:/Users/lando/Documents/GitHub/EcoLogic/Quartus/db/altsyncram_his3.tdf         ;         ;
; image_input.mif                  ; yes             ; Auto-Found Memory Initialization File  ; C:/Users/lando/Documents/GitHub/EcoLogic/Quartus/image_input.mif                ;         ;
+----------------------------------+-----------------+----------------------------------------+---------------------------------------------------------------------------------+---------+


+---------------------------------------------------------+
; Analysis & Synthesis Resource Usage Summary             ;
+---------------------------------------------+-----------+
; Resource                                    ; Usage     ;
+---------------------------------------------+-----------+
; Estimated Total logic elements              ; 418       ;
;                                             ;           ;
; Total combinational functions               ; 418       ;
; Logic element usage by number of LUT inputs ;           ;
;     -- 4 input functions                    ; 167       ;
;     -- 3 input functions                    ; 149       ;
;     -- <=2 input functions                  ; 102       ;
;                                             ;           ;
; Logic elements by mode                      ;           ;
;     -- normal mode                          ; 202       ;
;     -- arithmetic mode                      ; 216       ;
;                                             ;           ;
; Total registers                             ; 135       ;
;     -- Dedicated logic registers            ; 135       ;
;     -- I/O registers                        ; 0         ;
;                                             ;           ;
; I/O pins                                    ; 21        ;
; Total memory bits                           ; 226304    ;
;                                             ;           ;
; Embedded Multiplier 9-bit elements          ; 0         ;
;                                             ;           ;
; Maximum fan-out node                        ; clk~input ;
; Maximum fan-out                             ; 356       ;
; Total fan-out                               ; 4165      ;
; Average fan-out                             ; 5.10      ;
+---------------------------------------------+-----------+


+--------------------------------------------------------------------------------------------------------------------------------------------------------------------------------------------------------------------------------------------------------------------------------------------------------------------------+
; Analysis & Synthesis Resource Utilization by Entity                                                                                                                                                                                                                                                                      ;
+-------------------------------------------+---------------------+---------------------------+-------------+------------+--------------+---------+-----------+------+--------------+------------+----------------------------------------------------------------------------------------+-----------------+--------------+
; Compilation Hierarchy Node                ; Combinational ALUTs ; Dedicated Logic Registers ; Memory Bits ; UFM Blocks ; DSP Elements ; DSP 9x9 ; DSP 18x18 ; Pins ; Virtual Pins ; ADC blocks ; Full Hierarchy Name                                                                    ; Entity Name     ; Library Name ;
+-------------------------------------------+---------------------+---------------------------+-------------+------------+--------------+---------+-----------+------+--------------+------------+----------------------------------------------------------------------------------------+-----------------+--------------+
; |top_level                                ; 418 (0)             ; 135 (0)                   ; 226304      ; 0          ; 0            ; 0       ; 0         ; 21   ; 0            ; 0          ; |top_level                                                                             ; top_level       ; work         ;
;    |ArgMax:U_ARGMAX|                      ; 382 (382)           ; 135 (135)                 ; 0           ; 0          ; 0            ; 0       ; 0         ; 0    ; 0            ; 0          ; |top_level|ArgMax:U_ARGMAX                                                             ; ArgMax          ; work         ;
;    |ROM:U_MEMORY|                         ; 0 (0)               ; 0 (0)                     ; 226304      ; 0          ; 0            ; 0       ; 0         ; 0    ; 0            ; 0          ; |top_level|ROM:U_MEMORY                                                                ; ROM             ; work         ;
;       |altsyncram:altsyncram_component|   ; 0 (0)               ; 0 (0)                     ; 226304      ; 0          ; 0            ; 0       ; 0         ; 0    ; 0            ; 0          ; |top_level|ROM:U_MEMORY|altsyncram:altsyncram_component                                ; altsyncram      ; work         ;
;          |altsyncram_his3:auto_generated| ; 0 (0)               ; 0 (0)                     ; 226304      ; 0          ; 0            ; 0       ; 0         ; 0    ; 0            ; 0          ; |top_level|ROM:U_MEMORY|altsyncram:altsyncram_component|altsyncram_his3:auto_generated ; altsyncram_his3 ; work         ;
;    |logic_network:U_NETWORK|              ; 36 (36)             ; 0 (0)                     ; 0           ; 0          ; 0            ; 0       ; 0         ; 0    ; 0            ; 0          ; |top_level|logic_network:U_NETWORK                                                     ; logic_network   ; work         ;
+-------------------------------------------+---------------------+---------------------------+-------------+------------+--------------+---------+-----------+------+--------------+------------+----------------------------------------------------------------------------------------+-----------------+--------------+
Note: For table entries with two numbers listed, the numbers in parentheses indicate the number of resources of the given type used by the specific entity alone. The numbers listed outside of parentheses indicate the total resources of the given type used by the specific entity and all of its sub-entities in the hierarchy.


+---------------------------------------------------------------------------------------------------------------------------------------------------------------------------------------------+
; Analysis & Synthesis RAM Summary                                                                                                                                                            ;
+----------------------------------------------------------------------------------------+------+------+--------------+--------------+--------------+--------------+--------+-----------------+
; Name                                                                                   ; Type ; Mode ; Port A Depth ; Port A Width ; Port B Depth ; Port B Width ; Size   ; MIF             ;
+----------------------------------------------------------------------------------------+------+------+--------------+--------------+--------------+--------------+--------+-----------------+
; ROM:U_MEMORY|altsyncram:altsyncram_component|altsyncram_his3:auto_generated|ALTSYNCRAM ; AUTO ; ROM  ; 1024         ; 256          ; --           ; --           ; 262144 ; image_input.mif ;
+----------------------------------------------------------------------------------------+------+------+--------------+--------------+--------------+--------------+--------+-----------------+


+-----------------------------------------------------------------------------------------------------------+
; Analysis & Synthesis IP Cores Summary                                                                     ;
+--------+--------------+---------+--------------+--------------+-------------------------+-----------------+
; Vendor ; IP Core Name ; Version ; Release Date ; License Type ; Entity Instance         ; IP Include File ;
+--------+--------------+---------+--------------+--------------+-------------------------+-----------------+
; Altera ; ROM: 1-PORT  ; 23.1    ; N/A          ; N/A          ; |top_level|ROM:U_MEMORY ; ROM.vhd         ;
+--------+--------------+---------+--------------+--------------+-------------------------+-----------------+


+------------------------------------------------------------------------------------------------------------------------------------------+
; Registers Removed During Synthesis                                                                                                       ;
+------------------------------------------------------------------------------------------+-----------------------------------------------+
; Register name                                                                            ; Reason for Removal                            ;
+------------------------------------------------------------------------------------------+-----------------------------------------------+
; ROM:U_MEMORY|altsyncram:altsyncram_component|altsyncram_his3:auto_generated|rden_a_store ; Lost fanout                                   ;
; ArgMax:U_ARGMAX|count_ones[2][31]                                                        ; Merged with ArgMax:U_ARGMAX|count_ones[0][31] ;
; ArgMax:U_ARGMAX|count_ones[3][31]                                                        ; Merged with ArgMax:U_ARGMAX|count_ones[0][31] ;
; ArgMax:U_ARGMAX|count_ones[5][31]                                                        ; Merged with ArgMax:U_ARGMAX|count_ones[0][31] ;
; ArgMax:U_ARGMAX|count_ones[6][31]                                                        ; Merged with ArgMax:U_ARGMAX|count_ones[0][31] ;
; ArgMax:U_ARGMAX|count_ones[7][31]                                                        ; Merged with ArgMax:U_ARGMAX|count_ones[0][31] ;
; ArgMax:U_ARGMAX|count_ones[8][31]                                                        ; Merged with ArgMax:U_ARGMAX|count_ones[0][31] ;
; ArgMax:U_ARGMAX|count_ones[2][30]                                                        ; Merged with ArgMax:U_ARGMAX|count_ones[0][30] ;
; ArgMax:U_ARGMAX|count_ones[3][30]                                                        ; Merged with ArgMax:U_ARGMAX|count_ones[0][30] ;
; ArgMax:U_ARGMAX|count_ones[5][30]                                                        ; Merged with ArgMax:U_ARGMAX|count_ones[0][30] ;
; ArgMax:U_ARGMAX|count_ones[6][30]                                                        ; Merged with ArgMax:U_ARGMAX|count_ones[0][30] ;
; ArgMax:U_ARGMAX|count_ones[7][30]                                                        ; Merged with ArgMax:U_ARGMAX|count_ones[0][30] ;
; ArgMax:U_ARGMAX|count_ones[8][30]                                                        ; Merged with ArgMax:U_ARGMAX|count_ones[0][30] ;
; ArgMax:U_ARGMAX|count_ones[2][29]                                                        ; Merged with ArgMax:U_ARGMAX|count_ones[0][29] ;
; ArgMax:U_ARGMAX|count_ones[3][29]                                                        ; Merged with ArgMax:U_ARGMAX|count_ones[0][29] ;
; ArgMax:U_ARGMAX|count_ones[5][29]                                                        ; Merged with ArgMax:U_ARGMAX|count_ones[0][29] ;
; ArgMax:U_ARGMAX|count_ones[6][29]                                                        ; Merged with ArgMax:U_ARGMAX|count_ones[0][29] ;
; ArgMax:U_ARGMAX|count_ones[7][29]                                                        ; Merged with ArgMax:U_ARGMAX|count_ones[0][29] ;
; ArgMax:U_ARGMAX|count_ones[8][29]                                                        ; Merged with ArgMax:U_ARGMAX|count_ones[0][29] ;
; ArgMax:U_ARGMAX|count_ones[2][28]                                                        ; Merged with ArgMax:U_ARGMAX|count_ones[0][28] ;
; ArgMax:U_ARGMAX|count_ones[3][28]                                                        ; Merged with ArgMax:U_ARGMAX|count_ones[0][28] ;
; ArgMax:U_ARGMAX|count_ones[5][28]                                                        ; Merged with ArgMax:U_ARGMAX|count_ones[0][28] ;
; ArgMax:U_ARGMAX|count_ones[6][28]                                                        ; Merged with ArgMax:U_ARGMAX|count_ones[0][28] ;
; ArgMax:U_ARGMAX|count_ones[7][28]                                                        ; Merged with ArgMax:U_ARGMAX|count_ones[0][28] ;
; ArgMax:U_ARGMAX|count_ones[8][28]                                                        ; Merged with ArgMax:U_ARGMAX|count_ones[0][28] ;
; ArgMax:U_ARGMAX|count_ones[2][27]                                                        ; Merged with ArgMax:U_ARGMAX|count_ones[0][27] ;
; ArgMax:U_ARGMAX|count_ones[3][27]                                                        ; Merged with ArgMax:U_ARGMAX|count_ones[0][27] ;
; ArgMax:U_ARGMAX|count_ones[5][27]                                                        ; Merged with ArgMax:U_ARGMAX|count_ones[0][27] ;
; ArgMax:U_ARGMAX|count_ones[6][27]                                                        ; Merged with ArgMax:U_ARGMAX|count_ones[0][27] ;
; ArgMax:U_ARGMAX|count_ones[7][27]                                                        ; Merged with ArgMax:U_ARGMAX|count_ones[0][27] ;
; ArgMax:U_ARGMAX|count_ones[8][27]                                                        ; Merged with ArgMax:U_ARGMAX|count_ones[0][27] ;
; ArgMax:U_ARGMAX|count_ones[2][26]                                                        ; Merged with ArgMax:U_ARGMAX|count_ones[0][26] ;
; ArgMax:U_ARGMAX|count_ones[3][26]                                                        ; Merged with ArgMax:U_ARGMAX|count_ones[0][26] ;
; ArgMax:U_ARGMAX|count_ones[5][26]                                                        ; Merged with ArgMax:U_ARGMAX|count_ones[0][26] ;
; ArgMax:U_ARGMAX|count_ones[6][26]                                                        ; Merged with ArgMax:U_ARGMAX|count_ones[0][26] ;
; ArgMax:U_ARGMAX|count_ones[7][26]                                                        ; Merged with ArgMax:U_ARGMAX|count_ones[0][26] ;
; ArgMax:U_ARGMAX|count_ones[8][26]                                                        ; Merged with ArgMax:U_ARGMAX|count_ones[0][26] ;
; ArgMax:U_ARGMAX|count_ones[2][25]                                                        ; Merged with ArgMax:U_ARGMAX|count_ones[0][25] ;
; ArgMax:U_ARGMAX|count_ones[3][25]                                                        ; Merged with ArgMax:U_ARGMAX|count_ones[0][25] ;
; ArgMax:U_ARGMAX|count_ones[5][25]                                                        ; Merged with ArgMax:U_ARGMAX|count_ones[0][25] ;
; ArgMax:U_ARGMAX|count_ones[6][25]                                                        ; Merged with ArgMax:U_ARGMAX|count_ones[0][25] ;
; ArgMax:U_ARGMAX|count_ones[7][25]                                                        ; Merged with ArgMax:U_ARGMAX|count_ones[0][25] ;
; ArgMax:U_ARGMAX|count_ones[8][25]                                                        ; Merged with ArgMax:U_ARGMAX|count_ones[0][25] ;
; ArgMax:U_ARGMAX|count_ones[2][24]                                                        ; Merged with ArgMax:U_ARGMAX|count_ones[0][24] ;
; ArgMax:U_ARGMAX|count_ones[3][24]                                                        ; Merged with ArgMax:U_ARGMAX|count_ones[0][24] ;
; ArgMax:U_ARGMAX|count_ones[5][24]                                                        ; Merged with ArgMax:U_ARGMAX|count_ones[0][24] ;
; ArgMax:U_ARGMAX|count_ones[6][24]                                                        ; Merged with ArgMax:U_ARGMAX|count_ones[0][24] ;
; ArgMax:U_ARGMAX|count_ones[7][24]                                                        ; Merged with ArgMax:U_ARGMAX|count_ones[0][24] ;
; ArgMax:U_ARGMAX|count_ones[8][24]                                                        ; Merged with ArgMax:U_ARGMAX|count_ones[0][24] ;
; ArgMax:U_ARGMAX|count_ones[2][23]                                                        ; Merged with ArgMax:U_ARGMAX|count_ones[0][23] ;
; ArgMax:U_ARGMAX|count_ones[3][23]                                                        ; Merged with ArgMax:U_ARGMAX|count_ones[0][23] ;
; ArgMax:U_ARGMAX|count_ones[5][23]                                                        ; Merged with ArgMax:U_ARGMAX|count_ones[0][23] ;
; ArgMax:U_ARGMAX|count_ones[6][23]                                                        ; Merged with ArgMax:U_ARGMAX|count_ones[0][23] ;
; ArgMax:U_ARGMAX|count_ones[7][23]                                                        ; Merged with ArgMax:U_ARGMAX|count_ones[0][23] ;
; ArgMax:U_ARGMAX|count_ones[8][23]                                                        ; Merged with ArgMax:U_ARGMAX|count_ones[0][23] ;
; ArgMax:U_ARGMAX|count_ones[2][22]                                                        ; Merged with ArgMax:U_ARGMAX|count_ones[0][22] ;
; ArgMax:U_ARGMAX|count_ones[3][22]                                                        ; Merged with ArgMax:U_ARGMAX|count_ones[0][22] ;
; ArgMax:U_ARGMAX|count_ones[5][22]                                                        ; Merged with ArgMax:U_ARGMAX|count_ones[0][22] ;
; ArgMax:U_ARGMAX|count_ones[6][22]                                                        ; Merged with ArgMax:U_ARGMAX|count_ones[0][22] ;
; ArgMax:U_ARGMAX|count_ones[7][22]                                                        ; Merged with ArgMax:U_ARGMAX|count_ones[0][22] ;
; ArgMax:U_ARGMAX|count_ones[8][22]                                                        ; Merged with ArgMax:U_ARGMAX|count_ones[0][22] ;
; ArgMax:U_ARGMAX|count_ones[2][21]                                                        ; Merged with ArgMax:U_ARGMAX|count_ones[0][21] ;
; ArgMax:U_ARGMAX|count_ones[3][21]                                                        ; Merged with ArgMax:U_ARGMAX|count_ones[0][21] ;
; ArgMax:U_ARGMAX|count_ones[5][21]                                                        ; Merged with ArgMax:U_ARGMAX|count_ones[0][21] ;
; ArgMax:U_ARGMAX|count_ones[6][21]                                                        ; Merged with ArgMax:U_ARGMAX|count_ones[0][21] ;
; ArgMax:U_ARGMAX|count_ones[7][21]                                                        ; Merged with ArgMax:U_ARGMAX|count_ones[0][21] ;
; ArgMax:U_ARGMAX|count_ones[8][21]                                                        ; Merged with ArgMax:U_ARGMAX|count_ones[0][21] ;
; ArgMax:U_ARGMAX|count_ones[2][20]                                                        ; Merged with ArgMax:U_ARGMAX|count_ones[0][20] ;
; ArgMax:U_ARGMAX|count_ones[3][20]                                                        ; Merged with ArgMax:U_ARGMAX|count_ones[0][20] ;
; ArgMax:U_ARGMAX|count_ones[5][20]                                                        ; Merged with ArgMax:U_ARGMAX|count_ones[0][20] ;
; ArgMax:U_ARGMAX|count_ones[6][20]                                                        ; Merged with ArgMax:U_ARGMAX|count_ones[0][20] ;
; ArgMax:U_ARGMAX|count_ones[7][20]                                                        ; Merged with ArgMax:U_ARGMAX|count_ones[0][20] ;
; ArgMax:U_ARGMAX|count_ones[8][20]                                                        ; Merged with ArgMax:U_ARGMAX|count_ones[0][20] ;
; ArgMax:U_ARGMAX|count_ones[2][19]                                                        ; Merged with ArgMax:U_ARGMAX|count_ones[0][19] ;
; ArgMax:U_ARGMAX|count_ones[3][19]                                                        ; Merged with ArgMax:U_ARGMAX|count_ones[0][19] ;
; ArgMax:U_ARGMAX|count_ones[5][19]                                                        ; Merged with ArgMax:U_ARGMAX|count_ones[0][19] ;
; ArgMax:U_ARGMAX|count_ones[6][19]                                                        ; Merged with ArgMax:U_ARGMAX|count_ones[0][19] ;
; ArgMax:U_ARGMAX|count_ones[7][19]                                                        ; Merged with ArgMax:U_ARGMAX|count_ones[0][19] ;
; ArgMax:U_ARGMAX|count_ones[8][19]                                                        ; Merged with ArgMax:U_ARGMAX|count_ones[0][19] ;
; ArgMax:U_ARGMAX|count_ones[2][18]                                                        ; Merged with ArgMax:U_ARGMAX|count_ones[0][18] ;
; ArgMax:U_ARGMAX|count_ones[3][18]                                                        ; Merged with ArgMax:U_ARGMAX|count_ones[0][18] ;
; ArgMax:U_ARGMAX|count_ones[5][18]                                                        ; Merged with ArgMax:U_ARGMAX|count_ones[0][18] ;
; ArgMax:U_ARGMAX|count_ones[6][18]                                                        ; Merged with ArgMax:U_ARGMAX|count_ones[0][18] ;
; ArgMax:U_ARGMAX|count_ones[7][18]                                                        ; Merged with ArgMax:U_ARGMAX|count_ones[0][18] ;
; ArgMax:U_ARGMAX|count_ones[8][18]                                                        ; Merged with ArgMax:U_ARGMAX|count_ones[0][18] ;
; ArgMax:U_ARGMAX|count_ones[2][17]                                                        ; Merged with ArgMax:U_ARGMAX|count_ones[0][17] ;
; ArgMax:U_ARGMAX|count_ones[3][17]                                                        ; Merged with ArgMax:U_ARGMAX|count_ones[0][17] ;
; ArgMax:U_ARGMAX|count_ones[5][17]                                                        ; Merged with ArgMax:U_ARGMAX|count_ones[0][17] ;
; ArgMax:U_ARGMAX|count_ones[6][17]                                                        ; Merged with ArgMax:U_ARGMAX|count_ones[0][17] ;
; ArgMax:U_ARGMAX|count_ones[7][17]                                                        ; Merged with ArgMax:U_ARGMAX|count_ones[0][17] ;
; ArgMax:U_ARGMAX|count_ones[8][17]                                                        ; Merged with ArgMax:U_ARGMAX|count_ones[0][17] ;
; ArgMax:U_ARGMAX|count_ones[2][16]                                                        ; Merged with ArgMax:U_ARGMAX|count_ones[0][16] ;
; ArgMax:U_ARGMAX|count_ones[3][16]                                                        ; Merged with ArgMax:U_ARGMAX|count_ones[0][16] ;
; ArgMax:U_ARGMAX|count_ones[5][16]                                                        ; Merged with ArgMax:U_ARGMAX|count_ones[0][16] ;
; ArgMax:U_ARGMAX|count_ones[6][16]                                                        ; Merged with ArgMax:U_ARGMAX|count_ones[0][16] ;
; ArgMax:U_ARGMAX|count_ones[7][16]                                                        ; Merged with ArgMax:U_ARGMAX|count_ones[0][16] ;
; ArgMax:U_ARGMAX|count_ones[8][16]                                                        ; Merged with ArgMax:U_ARGMAX|count_ones[0][16] ;
; ArgMax:U_ARGMAX|count_ones[2][15]                                                        ; Merged with ArgMax:U_ARGMAX|count_ones[0][15] ;
; ArgMax:U_ARGMAX|count_ones[3][15]                                                        ; Merged with ArgMax:U_ARGMAX|count_ones[0][15] ;
; ArgMax:U_ARGMAX|count_ones[5][15]                                                        ; Merged with ArgMax:U_ARGMAX|count_ones[0][15] ;
; ArgMax:U_ARGMAX|count_ones[6][15]                                                        ; Merged with ArgMax:U_ARGMAX|count_ones[0][15] ;
; ArgMax:U_ARGMAX|count_ones[7][15]                                                        ; Merged with ArgMax:U_ARGMAX|count_ones[0][15] ;
; ArgMax:U_ARGMAX|count_ones[8][15]                                                        ; Merged with ArgMax:U_ARGMAX|count_ones[0][15] ;
; ArgMax:U_ARGMAX|count_ones[2][14]                                                        ; Merged with ArgMax:U_ARGMAX|count_ones[0][14] ;
; ArgMax:U_ARGMAX|count_ones[3][14]                                                        ; Merged with ArgMax:U_ARGMAX|count_ones[0][14] ;
; ArgMax:U_ARGMAX|count_ones[5][14]                                                        ; Merged with ArgMax:U_ARGMAX|count_ones[0][14] ;
; ArgMax:U_ARGMAX|count_ones[6][14]                                                        ; Merged with ArgMax:U_ARGMAX|count_ones[0][14] ;
; ArgMax:U_ARGMAX|count_ones[7][14]                                                        ; Merged with ArgMax:U_ARGMAX|count_ones[0][14] ;
; ArgMax:U_ARGMAX|count_ones[8][14]                                                        ; Merged with ArgMax:U_ARGMAX|count_ones[0][14] ;
; ArgMax:U_ARGMAX|count_ones[2][13]                                                        ; Merged with ArgMax:U_ARGMAX|count_ones[0][13] ;
; ArgMax:U_ARGMAX|count_ones[3][13]                                                        ; Merged with ArgMax:U_ARGMAX|count_ones[0][13] ;
; ArgMax:U_ARGMAX|count_ones[5][13]                                                        ; Merged with ArgMax:U_ARGMAX|count_ones[0][13] ;
; ArgMax:U_ARGMAX|count_ones[6][13]                                                        ; Merged with ArgMax:U_ARGMAX|count_ones[0][13] ;
; ArgMax:U_ARGMAX|count_ones[7][13]                                                        ; Merged with ArgMax:U_ARGMAX|count_ones[0][13] ;
; ArgMax:U_ARGMAX|count_ones[8][13]                                                        ; Merged with ArgMax:U_ARGMAX|count_ones[0][13] ;
; ArgMax:U_ARGMAX|count_ones[2][12]                                                        ; Merged with ArgMax:U_ARGMAX|count_ones[0][12] ;
; ArgMax:U_ARGMAX|count_ones[3][12]                                                        ; Merged with ArgMax:U_ARGMAX|count_ones[0][12] ;
; ArgMax:U_ARGMAX|count_ones[5][12]                                                        ; Merged with ArgMax:U_ARGMAX|count_ones[0][12] ;
; ArgMax:U_ARGMAX|count_ones[6][12]                                                        ; Merged with ArgMax:U_ARGMAX|count_ones[0][12] ;
; ArgMax:U_ARGMAX|count_ones[7][12]                                                        ; Merged with ArgMax:U_ARGMAX|count_ones[0][12] ;
; ArgMax:U_ARGMAX|count_ones[8][12]                                                        ; Merged with ArgMax:U_ARGMAX|count_ones[0][12] ;
; ArgMax:U_ARGMAX|count_ones[2][11]                                                        ; Merged with ArgMax:U_ARGMAX|count_ones[0][11] ;
; ArgMax:U_ARGMAX|count_ones[3][11]                                                        ; Merged with ArgMax:U_ARGMAX|count_ones[0][11] ;
; ArgMax:U_ARGMAX|count_ones[5][11]                                                        ; Merged with ArgMax:U_ARGMAX|count_ones[0][11] ;
; ArgMax:U_ARGMAX|count_ones[6][11]                                                        ; Merged with ArgMax:U_ARGMAX|count_ones[0][11] ;
; ArgMax:U_ARGMAX|count_ones[7][11]                                                        ; Merged with ArgMax:U_ARGMAX|count_ones[0][11] ;
; ArgMax:U_ARGMAX|count_ones[8][11]                                                        ; Merged with ArgMax:U_ARGMAX|count_ones[0][11] ;
; ArgMax:U_ARGMAX|count_ones[2][10]                                                        ; Merged with ArgMax:U_ARGMAX|count_ones[0][10] ;
; ArgMax:U_ARGMAX|count_ones[3][10]                                                        ; Merged with ArgMax:U_ARGMAX|count_ones[0][10] ;
; ArgMax:U_ARGMAX|count_ones[5][10]                                                        ; Merged with ArgMax:U_ARGMAX|count_ones[0][10] ;
; ArgMax:U_ARGMAX|count_ones[6][10]                                                        ; Merged with ArgMax:U_ARGMAX|count_ones[0][10] ;
; ArgMax:U_ARGMAX|count_ones[7][10]                                                        ; Merged with ArgMax:U_ARGMAX|count_ones[0][10] ;
; ArgMax:U_ARGMAX|count_ones[8][10]                                                        ; Merged with ArgMax:U_ARGMAX|count_ones[0][10] ;
; ArgMax:U_ARGMAX|count_ones[2][9]                                                         ; Merged with ArgMax:U_ARGMAX|count_ones[0][9]  ;
; ArgMax:U_ARGMAX|count_ones[3][9]                                                         ; Merged with ArgMax:U_ARGMAX|count_ones[0][9]  ;
; ArgMax:U_ARGMAX|count_ones[5][9]                                                         ; Merged with ArgMax:U_ARGMAX|count_ones[0][9]  ;
; ArgMax:U_ARGMAX|count_ones[6][9]                                                         ; Merged with ArgMax:U_ARGMAX|count_ones[0][9]  ;
; ArgMax:U_ARGMAX|count_ones[7][9]                                                         ; Merged with ArgMax:U_ARGMAX|count_ones[0][9]  ;
; ArgMax:U_ARGMAX|count_ones[8][9]                                                         ; Merged with ArgMax:U_ARGMAX|count_ones[0][9]  ;
; ArgMax:U_ARGMAX|count_ones[2][8]                                                         ; Merged with ArgMax:U_ARGMAX|count_ones[0][8]  ;
; ArgMax:U_ARGMAX|count_ones[3][8]                                                         ; Merged with ArgMax:U_ARGMAX|count_ones[0][8]  ;
; ArgMax:U_ARGMAX|count_ones[5][8]                                                         ; Merged with ArgMax:U_ARGMAX|count_ones[0][8]  ;
; ArgMax:U_ARGMAX|count_ones[6][8]                                                         ; Merged with ArgMax:U_ARGMAX|count_ones[0][8]  ;
; ArgMax:U_ARGMAX|count_ones[7][8]                                                         ; Merged with ArgMax:U_ARGMAX|count_ones[0][8]  ;
; ArgMax:U_ARGMAX|count_ones[8][8]                                                         ; Merged with ArgMax:U_ARGMAX|count_ones[0][8]  ;
; ArgMax:U_ARGMAX|count_ones[2][7]                                                         ; Merged with ArgMax:U_ARGMAX|count_ones[0][7]  ;
; ArgMax:U_ARGMAX|count_ones[3][7]                                                         ; Merged with ArgMax:U_ARGMAX|count_ones[0][7]  ;
; ArgMax:U_ARGMAX|count_ones[5][7]                                                         ; Merged with ArgMax:U_ARGMAX|count_ones[0][7]  ;
; ArgMax:U_ARGMAX|count_ones[6][7]                                                         ; Merged with ArgMax:U_ARGMAX|count_ones[0][7]  ;
; ArgMax:U_ARGMAX|count_ones[7][7]                                                         ; Merged with ArgMax:U_ARGMAX|count_ones[0][7]  ;
; ArgMax:U_ARGMAX|count_ones[8][7]                                                         ; Merged with ArgMax:U_ARGMAX|count_ones[0][7]  ;
; ArgMax:U_ARGMAX|count_ones[2][6]                                                         ; Merged with ArgMax:U_ARGMAX|count_ones[0][6]  ;
; ArgMax:U_ARGMAX|count_ones[3][6]                                                         ; Merged with ArgMax:U_ARGMAX|count_ones[0][6]  ;
; ArgMax:U_ARGMAX|count_ones[5][6]                                                         ; Merged with ArgMax:U_ARGMAX|count_ones[0][6]  ;
; ArgMax:U_ARGMAX|count_ones[6][6]                                                         ; Merged with ArgMax:U_ARGMAX|count_ones[0][6]  ;
; ArgMax:U_ARGMAX|count_ones[7][6]                                                         ; Merged with ArgMax:U_ARGMAX|count_ones[0][6]  ;
; ArgMax:U_ARGMAX|count_ones[8][6]                                                         ; Merged with ArgMax:U_ARGMAX|count_ones[0][6]  ;
; ArgMax:U_ARGMAX|count_ones[2][5]                                                         ; Merged with ArgMax:U_ARGMAX|count_ones[0][5]  ;
; ArgMax:U_ARGMAX|count_ones[3][5]                                                         ; Merged with ArgMax:U_ARGMAX|count_ones[0][5]  ;
; ArgMax:U_ARGMAX|count_ones[5][5]                                                         ; Merged with ArgMax:U_ARGMAX|count_ones[0][5]  ;
; ArgMax:U_ARGMAX|count_ones[6][5]                                                         ; Merged with ArgMax:U_ARGMAX|count_ones[0][5]  ;
; ArgMax:U_ARGMAX|count_ones[7][5]                                                         ; Merged with ArgMax:U_ARGMAX|count_ones[0][5]  ;
; ArgMax:U_ARGMAX|count_ones[8][5]                                                         ; Merged with ArgMax:U_ARGMAX|count_ones[0][5]  ;
; ArgMax:U_ARGMAX|count_ones[2][4]                                                         ; Merged with ArgMax:U_ARGMAX|count_ones[0][4]  ;
; ArgMax:U_ARGMAX|count_ones[3][4]                                                         ; Merged with ArgMax:U_ARGMAX|count_ones[0][4]  ;
; ArgMax:U_ARGMAX|count_ones[5][4]                                                         ; Merged with ArgMax:U_ARGMAX|count_ones[0][4]  ;
; ArgMax:U_ARGMAX|count_ones[6][4]                                                         ; Merged with ArgMax:U_ARGMAX|count_ones[0][4]  ;
; ArgMax:U_ARGMAX|count_ones[7][4]                                                         ; Merged with ArgMax:U_ARGMAX|count_ones[0][4]  ;
; ArgMax:U_ARGMAX|count_ones[8][4]                                                         ; Merged with ArgMax:U_ARGMAX|count_ones[0][4]  ;
; ArgMax:U_ARGMAX|count_ones[2][3]                                                         ; Merged with ArgMax:U_ARGMAX|count_ones[0][3]  ;
; ArgMax:U_ARGMAX|count_ones[3][3]                                                         ; Merged with ArgMax:U_ARGMAX|count_ones[0][3]  ;
; ArgMax:U_ARGMAX|count_ones[5][3]                                                         ; Merged with ArgMax:U_ARGMAX|count_ones[0][3]  ;
; ArgMax:U_ARGMAX|count_ones[6][3]                                                         ; Merged with ArgMax:U_ARGMAX|count_ones[0][3]  ;
; ArgMax:U_ARGMAX|count_ones[7][3]                                                         ; Merged with ArgMax:U_ARGMAX|count_ones[0][3]  ;
; ArgMax:U_ARGMAX|count_ones[8][3]                                                         ; Merged with ArgMax:U_ARGMAX|count_ones[0][3]  ;
; ArgMax:U_ARGMAX|count_ones[2][2]                                                         ; Merged with ArgMax:U_ARGMAX|count_ones[0][2]  ;
; ArgMax:U_ARGMAX|count_ones[3][2]                                                         ; Merged with ArgMax:U_ARGMAX|count_ones[0][2]  ;
; ArgMax:U_ARGMAX|count_ones[5][2]                                                         ; Merged with ArgMax:U_ARGMAX|count_ones[0][2]  ;
; ArgMax:U_ARGMAX|count_ones[6][2]                                                         ; Merged with ArgMax:U_ARGMAX|count_ones[0][2]  ;
; ArgMax:U_ARGMAX|count_ones[7][2]                                                         ; Merged with ArgMax:U_ARGMAX|count_ones[0][2]  ;
; ArgMax:U_ARGMAX|count_ones[8][2]                                                         ; Merged with ArgMax:U_ARGMAX|count_ones[0][2]  ;
; ArgMax:U_ARGMAX|count_ones[2][1]                                                         ; Merged with ArgMax:U_ARGMAX|count_ones[0][1]  ;
; ArgMax:U_ARGMAX|count_ones[3][1]                                                         ; Merged with ArgMax:U_ARGMAX|count_ones[0][1]  ;
; ArgMax:U_ARGMAX|count_ones[5][1]                                                         ; Merged with ArgMax:U_ARGMAX|count_ones[0][1]  ;
; ArgMax:U_ARGMAX|count_ones[6][1]                                                         ; Merged with ArgMax:U_ARGMAX|count_ones[0][1]  ;
; ArgMax:U_ARGMAX|count_ones[7][1]                                                         ; Merged with ArgMax:U_ARGMAX|count_ones[0][1]  ;
; ArgMax:U_ARGMAX|count_ones[8][1]                                                         ; Merged with ArgMax:U_ARGMAX|count_ones[0][1]  ;
; ArgMax:U_ARGMAX|count_ones[2][0]                                                         ; Merged with ArgMax:U_ARGMAX|count_ones[0][0]  ;
; ArgMax:U_ARGMAX|count_ones[3][0]                                                         ; Merged with ArgMax:U_ARGMAX|count_ones[0][0]  ;
; ArgMax:U_ARGMAX|count_ones[5][0]                                                         ; Merged with ArgMax:U_ARGMAX|count_ones[0][0]  ;
; ArgMax:U_ARGMAX|count_ones[6][0]                                                         ; Merged with ArgMax:U_ARGMAX|count_ones[0][0]  ;
; ArgMax:U_ARGMAX|count_ones[7][0]                                                         ; Merged with ArgMax:U_ARGMAX|count_ones[0][0]  ;
; ArgMax:U_ARGMAX|count_ones[8][0]                                                         ; Merged with ArgMax:U_ARGMAX|count_ones[0][0]  ;
; ArgMax:U_ARGMAX|max_index[1]                                                             ; Stuck at GND due to stuck port data_in        ;
; ArgMax:U_ARGMAX|one_hot_output[2,3,6,7]                                                  ; Stuck at GND due to stuck port data_in        ;
; ArgMax:U_ARGMAX|count_ones[9][31]                                                        ; Merged with ArgMax:U_ARGMAX|count_ones[4][31] ;
; ArgMax:U_ARGMAX|count_ones[9][30]                                                        ; Merged with ArgMax:U_ARGMAX|count_ones[4][30] ;
; ArgMax:U_ARGMAX|count_ones[9][29]                                                        ; Merged with ArgMax:U_ARGMAX|count_ones[4][29] ;
; ArgMax:U_ARGMAX|count_ones[9][28]                                                        ; Merged with ArgMax:U_ARGMAX|count_ones[4][28] ;
; ArgMax:U_ARGMAX|count_ones[9][27]                                                        ; Merged with ArgMax:U_ARGMAX|count_ones[4][27] ;
; ArgMax:U_ARGMAX|count_ones[9][26]                                                        ; Merged with ArgMax:U_ARGMAX|count_ones[4][26] ;
; ArgMax:U_ARGMAX|count_ones[9][25]                                                        ; Merged with ArgMax:U_ARGMAX|count_ones[4][25] ;
; ArgMax:U_ARGMAX|count_ones[9][24]                                                        ; Merged with ArgMax:U_ARGMAX|count_ones[4][24] ;
; ArgMax:U_ARGMAX|count_ones[9][23]                                                        ; Merged with ArgMax:U_ARGMAX|count_ones[4][23] ;
; ArgMax:U_ARGMAX|count_ones[9][22]                                                        ; Merged with ArgMax:U_ARGMAX|count_ones[4][22] ;
; ArgMax:U_ARGMAX|count_ones[9][21]                                                        ; Merged with ArgMax:U_ARGMAX|count_ones[4][21] ;
; ArgMax:U_ARGMAX|count_ones[9][20]                                                        ; Merged with ArgMax:U_ARGMAX|count_ones[4][20] ;
; ArgMax:U_ARGMAX|count_ones[9][19]                                                        ; Merged with ArgMax:U_ARGMAX|count_ones[4][19] ;
; ArgMax:U_ARGMAX|count_ones[9][18]                                                        ; Merged with ArgMax:U_ARGMAX|count_ones[4][18] ;
; ArgMax:U_ARGMAX|count_ones[9][17]                                                        ; Merged with ArgMax:U_ARGMAX|count_ones[4][17] ;
; ArgMax:U_ARGMAX|count_ones[9][16]                                                        ; Merged with ArgMax:U_ARGMAX|count_ones[4][16] ;
; ArgMax:U_ARGMAX|count_ones[9][15]                                                        ; Merged with ArgMax:U_ARGMAX|count_ones[4][15] ;
; ArgMax:U_ARGMAX|count_ones[9][14]                                                        ; Merged with ArgMax:U_ARGMAX|count_ones[4][14] ;
; ArgMax:U_ARGMAX|count_ones[9][13]                                                        ; Merged with ArgMax:U_ARGMAX|count_ones[4][13] ;
; ArgMax:U_ARGMAX|count_ones[9][12]                                                        ; Merged with ArgMax:U_ARGMAX|count_ones[4][12] ;
; ArgMax:U_ARGMAX|count_ones[9][11]                                                        ; Merged with ArgMax:U_ARGMAX|count_ones[4][11] ;
; ArgMax:U_ARGMAX|count_ones[9][10]                                                        ; Merged with ArgMax:U_ARGMAX|count_ones[4][10] ;
; ArgMax:U_ARGMAX|count_ones[9][9]                                                         ; Merged with ArgMax:U_ARGMAX|count_ones[4][9]  ;
; ArgMax:U_ARGMAX|count_ones[9][8]                                                         ; Merged with ArgMax:U_ARGMAX|count_ones[4][8]  ;
; ArgMax:U_ARGMAX|count_ones[9][7]                                                         ; Merged with ArgMax:U_ARGMAX|count_ones[4][7]  ;
; ArgMax:U_ARGMAX|count_ones[9][6]                                                         ; Merged with ArgMax:U_ARGMAX|count_ones[4][6]  ;
; ArgMax:U_ARGMAX|count_ones[9][5]                                                         ; Merged with ArgMax:U_ARGMAX|count_ones[4][5]  ;
; ArgMax:U_ARGMAX|count_ones[9][4]                                                         ; Merged with ArgMax:U_ARGMAX|count_ones[4][4]  ;
; ArgMax:U_ARGMAX|count_ones[9][3]                                                         ; Merged with ArgMax:U_ARGMAX|count_ones[4][3]  ;
; ArgMax:U_ARGMAX|count_ones[9][2]                                                         ; Merged with ArgMax:U_ARGMAX|count_ones[4][2]  ;
; ArgMax:U_ARGMAX|count_ones[9][1]                                                         ; Merged with ArgMax:U_ARGMAX|count_ones[4][1]  ;
; ArgMax:U_ARGMAX|count_ones[9][0]                                                         ; Merged with ArgMax:U_ARGMAX|count_ones[4][0]  ;
; ArgMax:U_ARGMAX|count_ones[0][0]                                                         ; Merged with ArgMax:U_ARGMAX|count_ones[4][0]  ;
; ArgMax:U_ARGMAX|count_ones[0][1]                                                         ; Merged with ArgMax:U_ARGMAX|count_ones[4][1]  ;
; Total Number of Removed Registers = 232                                                  ;                                               ;
+------------------------------------------------------------------------------------------+-----------------------------------------------+


+----------------------------------------------------------------------------------------------------------------------------------+
; Removed Registers Triggering Further Register Optimizations                                                                      ;
+------------------------------+---------------------------+-----------------------------------------------------------------------+
; Register name                ; Reason for Removal        ; Registers Removed due to This Register                                ;
+------------------------------+---------------------------+-----------------------------------------------------------------------+
; ArgMax:U_ARGMAX|max_index[1] ; Stuck at GND              ; ArgMax:U_ARGMAX|one_hot_output[2], ArgMax:U_ARGMAX|one_hot_output[3], ;
;                              ; due to stuck port data_in ; ArgMax:U_ARGMAX|one_hot_output[6], ArgMax:U_ARGMAX|one_hot_output[7]  ;
+------------------------------+---------------------------+-----------------------------------------------------------------------+


+------------------------------------------------------+
; General Register Statistics                          ;
+----------------------------------------------+-------+
; Statistic                                    ; Value ;
+----------------------------------------------+-------+
; Total registers                              ; 135   ;
; Number of registers using Synchronous Clear  ; 62    ;
; Number of registers using Synchronous Load   ; 30    ;
; Number of registers using Asynchronous Clear ; 0     ;
; Number of registers using Asynchronous Load  ; 0     ;
; Number of registers using Clock Enable       ; 0     ;
; Number of registers using Preset             ; 0     ;
+----------------------------------------------+-------+


+-------------------------------------------------------------------------------------------------------------------------------------------------------+
; Multiplexer Restructuring Statistics (Restructuring Performed)                                                                                        ;
+--------------------+-----------+---------------+----------------------+------------------------+------------+-----------------------------------------+
; Multiplexer Inputs ; Bus Width ; Baseline Area ; Area if Restructured ; Saving if Restructured ; Registered ; Example Multiplexer Output              ;
+--------------------+-----------+---------------+----------------------+------------------------+------------+-----------------------------------------+
; 7:1                ; 32 bits   ; 128 LEs       ; 96 LEs               ; 32 LEs                 ; Yes        ; |top_level|ArgMax:U_ARGMAX|max_count[0] ;
+--------------------+-----------+---------------+----------------------+------------------------+------------+-----------------------------------------+


+----------------------------------------------------------------------------------------------------+
; Source assignments for ROM:U_MEMORY|altsyncram:altsyncram_component|altsyncram_his3:auto_generated ;
+---------------------------------+--------------------+------+--------------------------------------+
; Assignment                      ; Value              ; From ; To                                   ;
+---------------------------------+--------------------+------+--------------------------------------+
; OPTIMIZE_POWER_DURING_SYNTHESIS ; NORMAL_COMPILATION ; -    ; -                                    ;
+---------------------------------+--------------------+------+--------------------------------------+


+-------------------------------------------------------------------------------------------+
; Parameter Settings for User Entity Instance: ROM:U_MEMORY|altsyncram:altsyncram_component ;
+------------------------------------+----------------------+-------------------------------+
; Parameter Name                     ; Value                ; Type                          ;
+------------------------------------+----------------------+-------------------------------+
; BYTE_SIZE_BLOCK                    ; 8                    ; Untyped                       ;
; AUTO_CARRY_CHAINS                  ; ON                   ; AUTO_CARRY                    ;
; IGNORE_CARRY_BUFFERS               ; OFF                  ; IGNORE_CARRY                  ;
; AUTO_CASCADE_CHAINS                ; ON                   ; AUTO_CASCADE                  ;
; IGNORE_CASCADE_BUFFERS             ; OFF                  ; IGNORE_CASCADE                ;
; WIDTH_BYTEENA                      ; 1                    ; Untyped                       ;
; OPERATION_MODE                     ; ROM                  ; Untyped                       ;
; WIDTH_A                            ; 256                  ; Signed Integer                ;
; WIDTHAD_A                          ; 10                   ; Signed Integer                ;
; NUMWORDS_A                         ; 1024                 ; Signed Integer                ;
; OUTDATA_REG_A                      ; UNREGISTERED         ; Untyped                       ;
; ADDRESS_ACLR_A                     ; NONE                 ; Untyped                       ;
; OUTDATA_ACLR_A                     ; NONE                 ; Untyped                       ;
; WRCONTROL_ACLR_A                   ; NONE                 ; Untyped                       ;
; INDATA_ACLR_A                      ; NONE                 ; Untyped                       ;
; BYTEENA_ACLR_A                     ; NONE                 ; Untyped                       ;
; WIDTH_B                            ; 1                    ; Signed Integer                ;
; WIDTHAD_B                          ; 1                    ; Signed Integer                ;
; NUMWORDS_B                         ; 0                    ; Signed Integer                ;
; INDATA_REG_B                       ; CLOCK1               ; Untyped                       ;
; WRCONTROL_WRADDRESS_REG_B          ; CLOCK1               ; Untyped                       ;
; RDCONTROL_REG_B                    ; CLOCK1               ; Untyped                       ;
; ADDRESS_REG_B                      ; CLOCK1               ; Untyped                       ;
; OUTDATA_REG_B                      ; UNREGISTERED         ; Untyped                       ;
; BYTEENA_REG_B                      ; CLOCK1               ; Untyped                       ;
; INDATA_ACLR_B                      ; NONE                 ; Untyped                       ;
; WRCONTROL_ACLR_B                   ; NONE                 ; Untyped                       ;
; ADDRESS_ACLR_B                     ; NONE                 ; Untyped                       ;
; OUTDATA_ACLR_B                     ; NONE                 ; Untyped                       ;
; RDCONTROL_ACLR_B                   ; NONE                 ; Untyped                       ;
; BYTEENA_ACLR_B                     ; NONE                 ; Untyped                       ;
; WIDTH_BYTEENA_A                    ; 1                    ; Signed Integer                ;
; WIDTH_BYTEENA_B                    ; 1                    ; Signed Integer                ;
; RAM_BLOCK_TYPE                     ; AUTO                 ; Untyped                       ;
; BYTE_SIZE                          ; 8                    ; Signed Integer                ;
; READ_DURING_WRITE_MODE_MIXED_PORTS ; DONT_CARE            ; Untyped                       ;
; READ_DURING_WRITE_MODE_PORT_A      ; NEW_DATA_NO_NBE_READ ; Untyped                       ;
; READ_DURING_WRITE_MODE_PORT_B      ; NEW_DATA_NO_NBE_READ ; Untyped                       ;
; INIT_FILE                          ; image_input.mif      ; Untyped                       ;
; INIT_FILE_LAYOUT                   ; PORT_A               ; Untyped                       ;
; MAXIMUM_DEPTH                      ; 0                    ; Signed Integer                ;
; CLOCK_ENABLE_INPUT_A               ; BYPASS               ; Untyped                       ;
; CLOCK_ENABLE_INPUT_B               ; NORMAL               ; Untyped                       ;
; CLOCK_ENABLE_OUTPUT_A              ; BYPASS               ; Untyped                       ;
; CLOCK_ENABLE_OUTPUT_B              ; NORMAL               ; Untyped                       ;
; CLOCK_ENABLE_CORE_A                ; USE_INPUT_CLKEN      ; Untyped                       ;
; CLOCK_ENABLE_CORE_B                ; USE_INPUT_CLKEN      ; Untyped                       ;
; ENABLE_ECC                         ; FALSE                ; Untyped                       ;
; ECC_PIPELINE_STAGE_ENABLED         ; FALSE                ; Untyped                       ;
; WIDTH_ECCSTATUS                    ; 3                    ; Signed Integer                ;
; DEVICE_FAMILY                      ; MAX 10               ; Untyped                       ;
; CBXI_PARAMETER                     ; altsyncram_his3      ; Untyped                       ;
+------------------------------------+----------------------+-------------------------------+
Note: In order to hide this table in the UI and the text report file, please set the "Show Parameter Settings in Synthesis Report" option in "Analysis and Synthesis Settings -> More Settings" to "Off".


+------------------------------------------------------------------------------------------+
; altsyncram Parameter Settings by Entity Instance                                         ;
+-------------------------------------------+----------------------------------------------+
; Name                                      ; Value                                        ;
+-------------------------------------------+----------------------------------------------+
; Number of entity instances                ; 1                                            ;
; Entity Instance                           ; ROM:U_MEMORY|altsyncram:altsyncram_component ;
;     -- OPERATION_MODE                     ; ROM                                          ;
;     -- WIDTH_A                            ; 256                                          ;
;     -- NUMWORDS_A                         ; 1024                                         ;
;     -- OUTDATA_REG_A                      ; UNREGISTERED                                 ;
;     -- WIDTH_B                            ; 1                                            ;
;     -- NUMWORDS_B                         ; 0                                            ;
;     -- ADDRESS_REG_B                      ; CLOCK1                                       ;
;     -- OUTDATA_REG_B                      ; UNREGISTERED                                 ;
;     -- RAM_BLOCK_TYPE                     ; AUTO                                         ;
;     -- READ_DURING_WRITE_MODE_MIXED_PORTS ; DONT_CARE                                    ;
+-------------------------------------------+----------------------------------------------+


+------------------------------------------+
; Port Connectivity Checks: "ROM:U_MEMORY" ;
+------+-------+----------+----------------+
; Port ; Type  ; Severity ; Details        ;
+------+-------+----------+----------------+
; rden ; Input ; Info     ; Stuck at VCC   ;
+------+-------+----------+----------------+


+---------------------------------------------+
; Port Connectivity Checks: "ArgMax:U_ARGMAX" ;
+-------+-------+----------+------------------+
; Port  ; Type  ; Severity ; Details          ;
+-------+-------+----------+------------------+
; reset ; Input ; Info     ; Stuck at GND     ;
+-------+-------+----------+------------------+


+-----------------------------------------------------+
; Post-Synthesis Netlist Statistics for Top Partition ;
+-----------------------+-----------------------------+
; Type                  ; Count                       ;
+-----------------------+-----------------------------+
; boundary_port         ; 21                          ;
; cycloneiii_ff         ; 135                         ;
;     SCLR              ; 32                          ;
;     SCLR SLD          ; 30                          ;
;     plain             ; 73                          ;
; cycloneiii_lcell_comb ; 419                         ;
;     arith             ; 216                         ;
;         2 data inputs ; 91                          ;
;         3 data inputs ; 125                         ;
;     normal            ; 203                         ;
;         0 data inputs ; 1                           ;
;         1 data inputs ; 4                           ;
;         2 data inputs ; 7                           ;
;         3 data inputs ; 24                          ;
;         4 data inputs ; 167                         ;
; cycloneiii_ram_block  ; 221                         ;
;                       ;                             ;
; Max LUT depth         ; 6.10                        ;
; Average LUT depth     ; 4.49                        ;
+-----------------------+-----------------------------+


+-------------------------------+
; Elapsed Time Per Partition    ;
+----------------+--------------+
; Partition Name ; Elapsed Time ;
+----------------+--------------+
; Top            ; 00:00:04     ;
+----------------+--------------+


+-------------------------------+
; Analysis & Synthesis Messages ;
+-------------------------------+
Info: *******************************************************************
Info: Running Quartus Prime Analysis & Synthesis
    Info: Version 23.1std.1 Build 993 05/14/2024 SC Lite Edition
    Info: Processing started: Sat Oct 26 17:57:48 2024
Info: Command: quartus_map --read_settings_files=on --write_settings_files=off DE10_EcoLogic -c DE10_EcoLogic
Warning (18236): Number of processors has not been specified which may cause overloading on shared machines.  Set the global assignment NUM_PARALLEL_PROCESSORS in your QSF to an appropriate value for best performance.
Info (20030): Parallel compilation is enabled and will use 4 of the 4 processors detected
Info (12021): Found 1 design units, including 1 entities, in source file logic_network_16.v
    Info (12023): Found entity 1: logic_network File: C:/Users/lando/Documents/GitHub/EcoLogic/Quartus/logic_network_16.v Line: 1
Info (12021): Found 2 design units, including 1 entities, in source file top_level.vhd
    Info (12022): Found design unit 1: top_level-bhv File: C:/Users/lando/Documents/GitHub/EcoLogic/Quartus/top_level.vhd Line: 12
    Info (12023): Found entity 1: top_level File: C:/Users/lando/Documents/GitHub/EcoLogic/Quartus/top_level.vhd Line: 4
Info (12021): Found 2 design units, including 1 entities, in source file rom.vhd
    Info (12022): Found design unit 1: rom-SYN File: C:/Users/lando/Documents/GitHub/EcoLogic/Quartus/ROM.vhd Line: 54
    Info (12023): Found entity 1: ROM File: C:/Users/lando/Documents/GitHub/EcoLogic/Quartus/ROM.vhd Line: 43
Info (12021): Found 2 design units, including 1 entities, in source file argmax.vhd
    Info (12022): Found design unit 1: ArgMax-Behavioral File: C:/Users/lando/Documents/GitHub/EcoLogic/Quartus/argmax.vhd Line: 15
    Info (12023): Found entity 1: ArgMax File: C:/Users/lando/Documents/GitHub/EcoLogic/Quartus/argmax.vhd Line: 6
Info (12021): Found 1 design units, including 1 entities, in source file dummy_network.v
    Info (12023): Found entity 1: dummy_network File: C:/Users/lando/Documents/GitHub/EcoLogic/Quartus/dummy_network.v Line: 1
Info (12021): Found 2 design units, including 1 entities, in source file top_level_tb.vhd
    Info (12022): Found design unit 1: top_level_tb-tb File: C:/Users/lando/Documents/GitHub/EcoLogic/Quartus/top_level_tb.vhd Line: 11
    Info (12023): Found entity 1: top_level_tb File: C:/Users/lando/Documents/GitHub/EcoLogic/Quartus/top_level_tb.vhd Line: 8
Info (12021): Found 2 design units, including 1 entities, in source file argmax_tb.vhd
    Info (12022): Found design unit 1: argmax_tb-tb File: C:/Users/lando/Documents/GitHub/EcoLogic/Quartus/argmax_tb.vhd Line: 11
    Info (12023): Found entity 1: argmax_tb File: C:/Users/lando/Documents/GitHub/EcoLogic/Quartus/argmax_tb.vhd Line: 8
Info (12021): Found 2 design units, including 1 entities, in source file countones.vhd
    Info (12022): Found design unit 1: CountOnes-Behavioral File: C:/Users/lando/Documents/GitHub/EcoLogic/Quartus/CountOnes.vhd Line: 15
    Info (12023): Found entity 1: CountOnes File: C:/Users/lando/Documents/GitHub/EcoLogic/Quartus/CountOnes.vhd Line: 5
Info (12021): Found 2 design units, including 1 entities, in source file ram.vhd
    Info (12022): Found design unit 1: ram-SYN File: C:/Users/lando/Documents/GitHub/EcoLogic/Quartus/RAM.vhd Line: 55
    Info (12023): Found entity 1: RAM File: C:/Users/lando/Documents/GitHub/EcoLogic/Quartus/RAM.vhd Line: 43
Info (12127): Elaborating entity "top_level" for the top level hierarchy
Info (12128): Elaborating entity "ArgMax" for hierarchy "ArgMax:U_ARGMAX" File: C:/Users/lando/Documents/GitHub/EcoLogic/Quartus/top_level.vhd Line: 27
Info (12128): Elaborating entity "ROM" for hierarchy "ROM:U_MEMORY" File: C:/Users/lando/Documents/GitHub/EcoLogic/Quartus/top_level.vhd Line: 35
Info (12128): Elaborating entity "altsyncram" for hierarchy "ROM:U_MEMORY|altsyncram:altsyncram_component" File: C:/Users/lando/Documents/GitHub/EcoLogic/Quartus/ROM.vhd Line: 61
Info (12130): Elaborated megafunction instantiation "ROM:U_MEMORY|altsyncram:altsyncram_component" File: C:/Users/lando/Documents/GitHub/EcoLogic/Quartus/ROM.vhd Line: 61
Info (12133): Instantiated megafunction "ROM:U_MEMORY|altsyncram:altsyncram_component" with the following parameter: File: C:/Users/lando/Documents/GitHub/EcoLogic/Quartus/ROM.vhd Line: 61
    Info (12134): Parameter "address_aclr_a" = "NONE"
    Info (12134): Parameter "address_aclr_b" = "NONE"
    Info (12134): Parameter "address_reg_b" = "CLOCK1"
    Info (12134): Parameter "byte_size" = "8"
    Info (12134): Parameter "byteena_aclr_a" = "UNUSED"
    Info (12134): Parameter "byteena_aclr_b" = "NONE"
    Info (12134): Parameter "byteena_reg_b" = "CLOCK1"
    Info (12134): Parameter "clock_enable_core_a" = "USE_INPUT_CLKEN"
    Info (12134): Parameter "clock_enable_core_b" = "USE_INPUT_CLKEN"
    Info (12134): Parameter "clock_enable_input_a" = "BYPASS"
    Info (12134): Parameter "clock_enable_input_b" = "NORMAL"
    Info (12134): Parameter "clock_enable_output_a" = "BYPASS"
    Info (12134): Parameter "clock_enable_output_b" = "NORMAL"
    Info (12134): Parameter "intended_device_family" = "MAX 10"
    Info (12134): Parameter "ecc_pipeline_stage_enabled" = "FALSE"
    Info (12134): Parameter "enable_ecc" = "FALSE"
    Info (12134): Parameter "implement_in_les" = "OFF"
    Info (12134): Parameter "indata_aclr_a" = "UNUSED"
    Info (12134): Parameter "indata_aclr_b" = "NONE"
    Info (12134): Parameter "indata_reg_b" = "CLOCK1"
    Info (12134): Parameter "init_file" = "image_input.mif"
    Info (12134): Parameter "init_file_layout" = "PORT_A"
    Info (12134): Parameter "maximum_depth" = "0"
    Info (12134): Parameter "numwords_a" = "1024"
    Info (12134): Parameter "numwords_b" = "0"
    Info (12134): Parameter "operation_mode" = "ROM"
    Info (12134): Parameter "outdata_aclr_a" = "NONE"
    Info (12134): Parameter "outdata_aclr_b" = "NONE"
    Info (12134): Parameter "outdata_reg_a" = "UNREGISTERED"
    Info (12134): Parameter "outdata_reg_b" = "UNREGISTERED"
    Info (12134): Parameter "power_up_uninitialized" = "FALSE"
    Info (12134): Parameter "ram_block_type" = "AUTO"
    Info (12134): Parameter "rdcontrol_aclr_b" = "NONE"
    Info (12134): Parameter "rdcontrol_reg_b" = "CLOCK1"
    Info (12134): Parameter "read_during_write_mode_mixed_ports" = "DONT_CARE"
    Info (12134): Parameter "read_during_write_mode_port_a" = "NEW_DATA_NO_NBE_READ"
    Info (12134): Parameter "read_during_write_mode_port_b" = "NEW_DATA_NO_NBE_READ"
    Info (12134): Parameter "stratixiv_m144k_allow_dual_clocks" = "ON"
    Info (12134): Parameter "width_a" = "256"
    Info (12134): Parameter "width_b" = "1"
    Info (12134): Parameter "width_byteena_a" = "1"
    Info (12134): Parameter "width_byteena_b" = "1"
    Info (12134): Parameter "width_eccstatus" = "3"
    Info (12134): Parameter "widthad_a" = "10"
    Info (12134): Parameter "widthad_b" = "1"
    Info (12134): Parameter "wrcontrol_aclr_a" = "UNUSED"
    Info (12134): Parameter "wrcontrol_aclr_b" = "NONE"
    Info (12134): Parameter "wrcontrol_wraddress_reg_b" = "CLOCK1"
    Info (12134): Parameter "lpm_hint" = "ENABLE_RUNTIME_MOD=NO"
    Info (12134): Parameter "lpm_type" = "altsyncram"
Info (12021): Found 1 design units, including 1 entities, in source file db/altsyncram_his3.tdf
    Info (12023): Found entity 1: altsyncram_his3 File: C:/Users/lando/Documents/GitHub/EcoLogic/Quartus/db/altsyncram_his3.tdf Line: 28
Info (12128): Elaborating entity "altsyncram_his3" for hierarchy "ROM:U_MEMORY|altsyncram:altsyncram_component|altsyncram_his3:auto_generated" File: c:/intelfpga_lite/23.1std/quartus/libraries/megafunctions/altsyncram.tdf Line: 792
Info (12128): Elaborating entity "logic_network" for hierarchy "logic_network:U_NETWORK" File: C:/Users/lando/Documents/GitHub/EcoLogic/Quartus/top_level.vhd Line: 43
Warning (14284): Synthesized away the following node(s):
    Warning (14285): Synthesized away the following RAM node(s):
        Warning (14320): Synthesized away node "ROM:U_MEMORY|altsyncram:altsyncram_component|altsyncram_his3:auto_generated|q_a[221]" File: C:/Users/lando/Documents/GitHub/EcoLogic/Quartus/db/altsyncram_his3.tdf Line: 4899
        Warning (14320): Synthesized away node "ROM:U_MEMORY|altsyncram:altsyncram_component|altsyncram_his3:auto_generated|q_a[82]" File: C:/Users/lando/Documents/GitHub/EcoLogic/Quartus/db/altsyncram_his3.tdf Line: 1841
Warning (14284): Synthesized away the following node(s):
    Warning (14285): Synthesized away the following RAM node(s):
        Warning (14320): Synthesized away node "ROM:U_MEMORY|altsyncram:altsyncram_component|altsyncram_his3:auto_generated|q_a[41]" File: C:/Users/lando/Documents/GitHub/EcoLogic/Quartus/db/altsyncram_his3.tdf Line: 939
        Warning (14320): Synthesized away node "ROM:U_MEMORY|altsyncram:altsyncram_component|altsyncram_his3:auto_generated|q_a[58]" File: C:/Users/lando/Documents/GitHub/EcoLogic/Quartus/db/altsyncram_his3.tdf Line: 1313
        Warning (14320): Synthesized away node "ROM:U_MEMORY|altsyncram:altsyncram_component|altsyncram_his3:auto_generated|q_a[144]" File: C:/Users/lando/Documents/GitHub/EcoLogic/Quartus/db/altsyncram_his3.tdf Line: 3205
        Warning (14320): Synthesized away node "ROM:U_MEMORY|altsyncram:altsyncram_component|altsyncram_his3:auto_generated|q_a[170]" File: C:/Users/lando/Documents/GitHub/EcoLogic/Quartus/db/altsyncram_his3.tdf Line: 3777
        Warning (14320): Synthesized away node "ROM:U_MEMORY|altsyncram:altsyncram_component|altsyncram_his3:auto_generated|q_a[181]" File: C:/Users/lando/Documents/GitHub/EcoLogic/Quartus/db/altsyncram_his3.tdf Line: 4019
        Warning (14320): Synthesized away node "ROM:U_MEMORY|altsyncram:altsyncram_component|altsyncram_his3:auto_generated|q_a[184]" File: C:/Users/lando/Documents/GitHub/EcoLogic/Quartus/db/altsyncram_his3.tdf Line: 4085
        Warning (14320): Synthesized away node "ROM:U_MEMORY|altsyncram:altsyncram_component|altsyncram_his3:auto_generated|q_a[187]" File: C:/Users/lando/Documents/GitHub/EcoLogic/Quartus/db/altsyncram_his3.tdf Line: 4151
        Warning (14320): Synthesized away node "ROM:U_MEMORY|altsyncram:altsyncram_component|altsyncram_his3:auto_generated|q_a[199]" File: C:/Users/lando/Documents/GitHub/EcoLogic/Quartus/db/altsyncram_his3.tdf Line: 4415
        Warning (14320): Synthesized away node "ROM:U_MEMORY|altsyncram:altsyncram_component|altsyncram_his3:auto_generated|q_a[232]" File: C:/Users/lando/Documents/GitHub/EcoLogic/Quartus/db/altsyncram_his3.tdf Line: 5141
        Warning (14320): Synthesized away node "ROM:U_MEMORY|altsyncram:altsyncram_component|altsyncram_his3:auto_generated|q_a[234]" File: C:/Users/lando/Documents/GitHub/EcoLogic/Quartus/db/altsyncram_his3.tdf Line: 5185
        Warning (14320): Synthesized away node "ROM:U_MEMORY|altsyncram:altsyncram_component|altsyncram_his3:auto_generated|q_a[216]" File: C:/Users/lando/Documents/GitHub/EcoLogic/Quartus/db/altsyncram_his3.tdf Line: 4789
        Warning (14320): Synthesized away node "ROM:U_MEMORY|altsyncram:altsyncram_component|altsyncram_his3:auto_generated|q_a[71]" File: C:/Users/lando/Documents/GitHub/EcoLogic/Quartus/db/altsyncram_his3.tdf Line: 1599
        Warning (14320): Synthesized away node "ROM:U_MEMORY|altsyncram:altsyncram_component|altsyncram_his3:auto_generated|q_a[193]" File: C:/Users/lando/Documents/GitHub/EcoLogic/Quartus/db/altsyncram_his3.tdf Line: 4283
        Warning (14320): Synthesized away node "ROM:U_MEMORY|altsyncram:altsyncram_component|altsyncram_his3:auto_generated|q_a[60]" File: C:/Users/lando/Documents/GitHub/EcoLogic/Quartus/db/altsyncram_his3.tdf Line: 1357
        Warning (14320): Synthesized away node "ROM:U_MEMORY|altsyncram:altsyncram_component|altsyncram_his3:auto_generated|q_a[156]" File: C:/Users/lando/Documents/GitHub/EcoLogic/Quartus/db/altsyncram_his3.tdf Line: 3469
        Warning (14320): Synthesized away node "ROM:U_MEMORY|altsyncram:altsyncram_component|altsyncram_his3:auto_generated|q_a[206]" File: C:/Users/lando/Documents/GitHub/EcoLogic/Quartus/db/altsyncram_his3.tdf Line: 4569
        Warning (14320): Synthesized away node "ROM:U_MEMORY|altsyncram:altsyncram_component|altsyncram_his3:auto_generated|q_a[145]" File: C:/Users/lando/Documents/GitHub/EcoLogic/Quartus/db/altsyncram_his3.tdf Line: 3227
        Warning (14320): Synthesized away node "ROM:U_MEMORY|altsyncram:altsyncram_component|altsyncram_his3:auto_generated|q_a[179]" File: C:/Users/lando/Documents/GitHub/EcoLogic/Quartus/db/altsyncram_his3.tdf Line: 3975
        Warning (14320): Synthesized away node "ROM:U_MEMORY|altsyncram:altsyncram_component|altsyncram_his3:auto_generated|q_a[23]" File: C:/Users/lando/Documents/GitHub/EcoLogic/Quartus/db/altsyncram_his3.tdf Line: 543
        Warning (14320): Synthesized away node "ROM:U_MEMORY|altsyncram:altsyncram_component|altsyncram_his3:auto_generated|q_a[22]" File: C:/Users/lando/Documents/GitHub/EcoLogic/Quartus/db/altsyncram_his3.tdf Line: 521
        Warning (14320): Synthesized away node "ROM:U_MEMORY|altsyncram:altsyncram_component|altsyncram_his3:auto_generated|q_a[65]" File: C:/Users/lando/Documents/GitHub/EcoLogic/Quartus/db/altsyncram_his3.tdf Line: 1467
        Warning (14320): Synthesized away node "ROM:U_MEMORY|altsyncram:altsyncram_component|altsyncram_his3:auto_generated|q_a[190]" File: C:/Users/lando/Documents/GitHub/EcoLogic/Quartus/db/altsyncram_his3.tdf Line: 4217
        Warning (14320): Synthesized away node "ROM:U_MEMORY|altsyncram:altsyncram_component|altsyncram_his3:auto_generated|q_a[61]" File: C:/Users/lando/Documents/GitHub/EcoLogic/Quartus/db/altsyncram_his3.tdf Line: 1379
        Warning (14320): Synthesized away node "ROM:U_MEMORY|altsyncram:altsyncram_component|altsyncram_his3:auto_generated|q_a[222]" File: C:/Users/lando/Documents/GitHub/EcoLogic/Quartus/db/altsyncram_his3.tdf Line: 4921
        Warning (14320): Synthesized away node "ROM:U_MEMORY|altsyncram:altsyncram_component|altsyncram_his3:auto_generated|q_a[0]" File: C:/Users/lando/Documents/GitHub/EcoLogic/Quartus/db/altsyncram_his3.tdf Line: 37
        Warning (14320): Synthesized away node "ROM:U_MEMORY|altsyncram:altsyncram_component|altsyncram_his3:auto_generated|q_a[148]" File: C:/Users/lando/Documents/GitHub/EcoLogic/Quartus/db/altsyncram_his3.tdf Line: 3293
        Warning (14320): Synthesized away node "ROM:U_MEMORY|altsyncram:altsyncram_component|altsyncram_his3:auto_generated|q_a[4]" File: C:/Users/lando/Documents/GitHub/EcoLogic/Quartus/db/altsyncram_his3.tdf Line: 125
        Warning (14320): Synthesized away node "ROM:U_MEMORY|altsyncram:altsyncram_component|altsyncram_his3:auto_generated|q_a[57]" File: C:/Users/lando/Documents/GitHub/EcoLogic/Quartus/db/altsyncram_his3.tdf Line: 1291
        Warning (14320): Synthesized away node "ROM:U_MEMORY|altsyncram:altsyncram_component|altsyncram_his3:auto_generated|q_a[212]" File: C:/Users/lando/Documents/GitHub/EcoLogic/Quartus/db/altsyncram_his3.tdf Line: 4701
        Warning (14320): Synthesized away node "ROM:U_MEMORY|altsyncram:altsyncram_component|altsyncram_his3:auto_generated|q_a[146]" File: C:/Users/lando/Documents/GitHub/EcoLogic/Quartus/db/altsyncram_his3.tdf Line: 3249
        Warning (14320): Synthesized away node "ROM:U_MEMORY|altsyncram:altsyncram_component|altsyncram_his3:auto_generated|q_a[33]" File: C:/Users/lando/Documents/GitHub/EcoLogic/Quartus/db/altsyncram_his3.tdf Line: 763
Warning (14284): Synthesized away the following node(s):
    Warning (14285): Synthesized away the following RAM node(s):
        Warning (14320): Synthesized away node "ROM:U_MEMORY|altsyncram:altsyncram_component|altsyncram_his3:auto_generated|q_a[80]" File: C:/Users/lando/Documents/GitHub/EcoLogic/Quartus/db/altsyncram_his3.tdf Line: 1797
        Warning (14320): Synthesized away node "ROM:U_MEMORY|altsyncram:altsyncram_component|altsyncram_his3:auto_generated|q_a[251]" File: C:/Users/lando/Documents/GitHub/EcoLogic/Quartus/db/altsyncram_his3.tdf Line: 5559
Warning (13024): Output pins are stuck at VCC or GND
    Warning (13410): Pin "outputs[2]" is stuck at GND File: C:/Users/lando/Documents/GitHub/EcoLogic/Quartus/top_level.vhd Line: 8
    Warning (13410): Pin "outputs[3]" is stuck at GND File: C:/Users/lando/Documents/GitHub/EcoLogic/Quartus/top_level.vhd Line: 8
    Warning (13410): Pin "outputs[6]" is stuck at GND File: C:/Users/lando/Documents/GitHub/EcoLogic/Quartus/top_level.vhd Line: 8
    Warning (13410): Pin "outputs[7]" is stuck at GND File: C:/Users/lando/Documents/GitHub/EcoLogic/Quartus/top_level.vhd Line: 8
Info (286030): Timing-Driven Synthesis is running
Info (17049): 1 registers lost all their fanouts during netlist optimizations.
Info (16010): Generating hard_block partition "hard_block:auto_generated_inst"
    Info (16011): Adding 0 node(s), including 0 DDIO, 0 PLL, 0 transceiver and 0 LCELL
Info (21057): Implemented 660 device resources after synthesis - the final resource count might be different
    Info (21058): Implemented 11 input pins
    Info (21059): Implemented 10 output pins
    Info (21061): Implemented 418 logic cells
    Info (21064): Implemented 221 RAM segments
Info: Quartus Prime Analysis & Synthesis was successful. 0 errors, 47 warnings
    Info: Peak virtual memory: 4877 megabytes
    Info: Processing ended: Sat Oct 26 17:57:59 2024
    Info: Elapsed time: 00:00:11
    Info: Total CPU time (on all processors): 00:00:11


